###############################################################################
#
# IAR ANSI C/C++ Compiler V8.50.6.265/W32 for ARM         07/Jul/2021  16:12:33
# Copyright 1999-2020 IAR Systems AB.
#
#    Cpu mode                        
#    Endian                       =  little
#    Source file                  =
#        X:\Documents\Apollo3\A3_SDK\boards\apollo3p_evb\examples\freertos_lowpower\src\freertos_lowpower.c
#    Command line                 =
#        -f C:\Users\ADMINI~1\AppData\Local\Temp\EWC08C.tmp
#        (X:\Documents\Apollo3\A3_SDK\boards\apollo3p_evb\examples\freertos_lowpower\src\freertos_lowpower.c
#        -D iar -D AM_PART_APOLLO3P -D AM_DEBUG_PRINTF -D AM_FREERTOS -D
#        AM_PACKAGE_BGA -D AM_UTIL_FAULTISR_PRINT -lcN
#        X:\Documents\Apollo3\A3_SDK\boards\apollo3p_evb\examples\freertos_lowpower\iar\bin
#        --diag_suppress Pa050 -o
#        X:\Documents\Apollo3\A3_SDK\boards\apollo3p_evb\examples\freertos_lowpower\iar\bin
#        --debug --endian=little --cpu=Cortex-M4 --no_path_in_file_macros -e
#        --fpu=VFPv4_sp --dlib_config "C:\Program Files (x86)\IAR
#        Systems\Embedded Workbench 8.4\arm\inc\c\DLib_Config_Normal.h" -I
#        X:\Documents\Apollo3\A3_SDK\boards\apollo3p_evb\examples\freertos_lowpower\iar\..\..\..\..\..\third_party\FreeRTOSv10.1.1\Source\portable\IAR\AMapollo2\\
#        -I
#        X:\Documents\Apollo3\A3_SDK\boards\apollo3p_evb\examples\freertos_lowpower\iar\..\src\\
#        -I
#        X:\Documents\Apollo3\A3_SDK\boards\apollo3p_evb\examples\freertos_lowpower\iar\..\..\..\..\..\\
#        -I
#        X:\Documents\Apollo3\A3_SDK\boards\apollo3p_evb\examples\freertos_lowpower\iar\..\..\..\..\..\CMSIS\ARM\Include\\
#        -I
#        X:\Documents\Apollo3\A3_SDK\boards\apollo3p_evb\examples\freertos_lowpower\iar\..\..\..\..\..\CMSIS\AmbiqMicro\Include\\
#        -I
#        X:\Documents\Apollo3\A3_SDK\boards\apollo3p_evb\examples\freertos_lowpower\iar\..\..\..\bsp\\
#        -I
#        X:\Documents\Apollo3\A3_SDK\boards\apollo3p_evb\examples\freertos_lowpower\iar\..\..\..\..\..\mcu\apollo3p\\
#        -I
#        X:\Documents\Apollo3\A3_SDK\boards\apollo3p_evb\examples\freertos_lowpower\iar\..\..\..\..\..\devices\\
#        -I
#        X:\Documents\Apollo3\A3_SDK\boards\apollo3p_evb\examples\freertos_lowpower\iar\..\..\..\..\..\utils\\
#        -I
#        X:\Documents\Apollo3\A3_SDK\boards\apollo3p_evb\examples\freertos_lowpower\iar\..\..\..\..\..\third_party\FreeRTOSv10.1.1\Source\include\\
#        -Ohs --no_size_constraints)
#    Locale                       =  C
#    List file                    =
#        X:\Documents\Apollo3\A3_SDK\boards\apollo3p_evb\examples\freertos_lowpower\iar\bin\freertos_lowpower.lst
#    Object file                  =
#        X:\Documents\Apollo3\A3_SDK\boards\apollo3p_evb\examples\freertos_lowpower\iar\bin\freertos_lowpower.o
#    Runtime model:                  
#      __SystemLibrary            =  DLib
#      __dlib_full_locale_support =  0
#      __dlib_version             =  6
#
###############################################################################

X:\Documents\Apollo3\A3_SDK\boards\apollo3p_evb\examples\freertos_lowpower\src\freertos_lowpower.c
      1          //*****************************************************************************
      2          //
      3          //! @file freertos_lowpower.c
      4          //!
      5          //! @brief Example of the app running under FreeRTOS.
      6          //!
      7          //! This example implements LED task within the FreeRTOS framework. It monitors
      8          //! three On-board buttons, and toggles respective on-board LEDs in response.
      9          //! To save power, this application is compiled without print
     10          //! statements by default. To enable them, add the following project-level
     11          //! macro definitions.
     12          //!
     13          //! AM_DEBUG_PRINTF
     14          //!
     15          //! If enabled, debug messages will be sent over ITM.
     16          //
     17          //*****************************************************************************
     18          
     19          //*****************************************************************************
     20          //
     21          // Copyright (c) 2020, Ambiq Micro, Inc.
     22          // All rights reserved.
     23          //
     24          // Redistribution and use in source and binary forms, with or without
     25          // modification, are permitted provided that the following conditions are met:
     26          //
     27          // 1. Redistributions of source code must retain the above copyright notice,
     28          // this list of conditions and the following disclaimer.
     29          //
     30          // 2. Redistributions in binary form must reproduce the above copyright
     31          // notice, this list of conditions and the following disclaimer in the
     32          // documentation and/or other materials provided with the distribution.
     33          //
     34          // 3. Neither the name of the copyright holder nor the names of its
     35          // contributors may be used to endorse or promote products derived from this
     36          // software without specific prior written permission.
     37          //
     38          // Third party software included in this distribution is subject to the
     39          // additional license terms as defined in the /docs/licenses directory.
     40          //
     41          // THIS SOFTWARE IS PROVIDED BY THE COPYRIGHT HOLDERS AND CONTRIBUTORS "AS IS"
     42          // AND ANY EXPRESS OR IMPLIED WARRANTIES, INCLUDING, BUT NOT LIMITED TO, THE
     43          // IMPLIED WARRANTIES OF MERCHANTABILITY AND FITNESS FOR A PARTICULAR PURPOSE
     44          // ARE DISCLAIMED. IN NO EVENT SHALL THE COPYRIGHT HOLDER OR CONTRIBUTORS BE
     45          // LIABLE FOR ANY DIRECT, INDIRECT, INCIDENTAL, SPECIAL, EXEMPLARY, OR
     46          // CONSEQUENTIAL DAMAGES (INCLUDING, BUT NOT LIMITED TO, PROCUREMENT OF
     47          // SUBSTITUTE GOODS OR SERVICES; LOSS OF USE, DATA, OR PROFITS; OR BUSINESS
     48          // INTERRUPTION) HOWEVER CAUSED AND ON ANY THEORY OF LIABILITY, WHETHER IN
     49          // CONTRACT, STRICT LIABILITY, OR TORT (INCLUDING NEGLIGENCE OR OTHERWISE)
     50          // ARISING IN ANY WAY OUT OF THE USE OF THIS SOFTWARE, EVEN IF ADVISED OF THE
     51          // POSSIBILITY OF SUCH DAMAGE.
     52          //
     53          // This is part of revision 2.5.1 of the AmbiqSuite Development Package.
     54          //
     55          //*****************************************************************************
     56          
     57          //*****************************************************************************
     58          //
     59          // This application has a large number of common include files. For
     60          // convenience, we'll collect them all together in a single header and include
     61          // that everywhere.
     62          //
     63          //*****************************************************************************
     64          #include "freertos_lowpower.h"
     65          #include "rtos.h"
     66          
     67          
     68          //*****************************************************************************
     69          //
     70          // Enable printing to the console.
     71          //
     72          //*****************************************************************************
     73          void
     74          enable_print_interface(void)
     75          {
     76              //
     77              // Initialize a debug printing interface.
     78              //
     79              am_bsp_itm_printf_enable();
     80          }
     81          
     82          //*****************************************************************************
     83          //
     84          // Disable printing to the console.
     85          //
     86          //*****************************************************************************
     87          void
     88          disable_print_interface(void)
     89          {
     90              //
     91              // Deinitialize a debug printing interface.
     92              //
     93              am_bsp_itm_printf_disable();
     94          }
     95          
     96          //*****************************************************************************
     97          //
     98          // Main Function
     99          //
    100          //*****************************************************************************
    101          int
    102          main(void)
    103          {
    104              //
    105              // Set the clock frequency.
    106              //
    107              am_hal_clkgen_control(AM_HAL_CLKGEN_CONTROL_SYSCLK_MAX, 0);
    108          
    109              //
    110              // Set the default cache configuration
    111              //
    112              am_hal_cachectrl_config(&am_hal_cachectrl_defaults);
    113              am_hal_cachectrl_enable();
    114          
    115          
    116          #ifndef NOFPU
    117              //
    118              // Enable the floating point module, and configure the core for lazy
    119              // stacking.
    120              //
    121              am_hal_sysctrl_fpu_enable();
    122              am_hal_sysctrl_fpu_stacking_enable(true);
    123          #else
    124              am_hal_sysctrl_fpu_disable();
    125          #endif
    126          
    127              //
    128              // Configure the board for low power.
    129              //
    130              am_bsp_low_power_init();
    131          
    132              //
    133              // Turn off unneeded Flash & SRAM
    134              //
    135          #if defined(AM_PART_APOLLO3)
    136              am_hal_pwrctrl_memory_enable(AM_HAL_PWRCTRL_MEM_SRAM_96K);
    137          #endif
    138          #if defined(AM_PART_APOLLO3P)
    139              am_hal_pwrctrl_memory_enable(AM_HAL_PWRCTRL_MEM_SRAM_32K_DTCM);
    140          #endif
    141          
    142              am_hal_pwrctrl_memory_enable(AM_HAL_PWRCTRL_MEM_FLASH_MIN);
    143          
    144              //
    145              // Enable printing to the console.
    146              //
    147          #ifdef AM_DEBUG_PRINTF
    148              enable_print_interface();
    149          #endif
    150          
    151              //
    152              // Initialize plotting interface.
    153              //
    154              am_util_debug_printf("FreeRTOS Low Power Example\n");
    155          
    156              //
    157              // Run the application.
    158              //
    159              run_tasks();
    160          
    161              //
    162              // We shouldn't ever get here.
    163              //
    164              while (1)
    165              {
    166              }
    167          
    168          }
    169          

   Maximum stack usage in bytes:

   .cstack Function
   ------- --------
       0   disable_print_interface
         0   -> am_bsp_itm_printf_disable
       0   enable_print_interface
         0   -> am_bsp_itm_printf_enable
       8   main
         8   -> am_bsp_itm_printf_enable
         8   -> am_bsp_low_power_init
         8   -> am_hal_cachectrl_config
         8   -> am_hal_cachectrl_enable
         8   -> am_hal_clkgen_control
         8   -> am_hal_pwrctrl_memory_enable
         8   -> am_hal_sysctrl_fpu_enable
         8   -> am_hal_sysctrl_fpu_stacking_enable
         8   -> am_util_stdio_printf
         8   -> run_tasks


   Section sizes:

   Bytes  Function/Label
   -----  --------------
       4  ??DataTable2
      28  ?_0
       4  disable_print_interface
       4  enable_print_interface
      64  main

 
 104 bytes in section .text
 
 104 bytes of CODE memory

Errors: none
Warnings: none
